#! /c/Source/iverilog-install/bin/vvp
:ivl_version "12.0 (devel)" "(s20150603-1539-g2693dd32b)";
:ivl_delay_selection "TYPICAL";
:vpi_time_precision - 12;
:vpi_module "C:\iverilog\lib\ivl\system.vpi";
:vpi_module "C:\iverilog\lib\ivl\vhdl_sys.vpi";
:vpi_module "C:\iverilog\lib\ivl\vhdl_textio.vpi";
:vpi_module "C:\iverilog\lib\ivl\v2005_math.vpi";
:vpi_module "C:\iverilog\lib\ivl\va_math.vpi";
:vpi_module "C:\iverilog\lib\ivl\v2009.vpi";
S_000001fe407029c0 .scope package, "$unit" "$unit" 2 1;
 .timescale 0 0;
S_000001fe40702b50 .scope module, "multiplier_tb" "multiplier_tb" 3 3;
 .timescale -9 -12;
P_000001fe408190f0 .param/l "WIDTH" 0 3 5, +C4<00000000000000000000000000101000>;
v000001fe407342e0_0 .var "a_in", 39 0;
v000001fe40734380_0 .var "b_in", 39 0;
v000001fe40734420_0 .var "clk", 0 0;
v000001fe407344c0_0 .net "y_out", 79 0, L_000001fe40725230;  1 drivers
S_000001fe4081e350 .scope module, "DUT" "multiplier" 3 14, 4 1 0, S_000001fe40702b50;
 .timescale -9 -12;
    .port_info 0 /INPUT 1 "clk";
    .port_info 1 /INPUT 40 "a";
    .port_info 2 /INPUT 40 "b";
    .port_info 3 /OUTPUT 80 "pdt";
P_000001fe40702ed0 .param/l "LEVEL" 0 4 1, +C4<00000000000000000000000000000110>;
P_000001fe40702f08 .param/l "WIDTH" 0 4 1, +C4<00000000000000000000000000101000>;
v000001fe4081e6c0_5 .array/port v000001fe4081e6c0, 5;
L_000001fe40725230 .functor BUFZ 80, v000001fe4081e6c0_5, C4<00000000000000000000000000000000000000000000000000000000000000000000000000000000>, C4<00000000000000000000000000000000000000000000000000000000000000000000000000000000>, C4<00000000000000000000000000000000000000000000000000000000000000000000000000000000>;
v000001fe40725710_0 .net "a", 39 0, v000001fe407342e0_0;  1 drivers
v000001fe4081ac60_0 .var "a_int", 39 0;
v000001fe40702ce0_0 .net "b", 39 0, v000001fe40734380_0;  1 drivers
v000001fe40702d80_0 .var "b_int", 39 0;
v000001fe4081e4e0_0 .net "clk", 0 0, v000001fe40734420_0;  1 drivers
v000001fe4081e580_0 .var/i "i", 31 0;
v000001fe4081e620_0 .net "pdt", 79 0, L_000001fe40725230;  alias, 1 drivers
v000001fe4081e6c0 .array "pdt_int", 0 5, 79 0;
E_000001fe40818830 .event posedge, v000001fe4081e4e0_0;
    .scope S_000001fe4081e350;
T_0 ;
    %wait E_000001fe40818830;
    %load/vec4 v000001fe40725710_0;
    %assign/vec4 v000001fe4081ac60_0, 0;
    %load/vec4 v000001fe40702ce0_0;
    %assign/vec4 v000001fe40702d80_0, 0;
    %load/vec4 v000001fe4081ac60_0;
    %pad/u 80;
    %load/vec4 v000001fe40702d80_0;
    %pad/u 80;
    %mul;
    %ix/load 3, 0, 0;
    %flag_set/imm 4, 0;
    %ix/load 4, 0, 0; Constant delay
    %assign/vec4/a/d v000001fe4081e6c0, 0, 4;
    %pushi/vec4 1, 0, 32;
    %store/vec4 v000001fe4081e580_0, 0, 32;
T_0.0 ;
    %load/vec4 v000001fe4081e580_0;
    %cmpi/s 6, 0, 32;
    %jmp/0xz T_0.1, 5;
    %load/vec4 v000001fe4081e580_0;
    %subi 1, 0, 32;
    %ix/vec4/s 4;
    %load/vec4a v000001fe4081e6c0, 4;
    %ix/getv/s 3, v000001fe4081e580_0;
    %ix/load 4, 0, 0; Constant delay
    %assign/vec4/a/d v000001fe4081e6c0, 0, 4;
    %load/vec4 v000001fe4081e580_0;
    %addi 1, 0, 32;
    %store/vec4 v000001fe4081e580_0, 0, 32;
    %jmp T_0.0;
T_0.1 ;
    %jmp T_0;
    .thread T_0;
    .scope S_000001fe40702b50;
T_1 ;
    %vpi_call/w 3 19 "$dumpfile", "multiplier.vcd" {0 0 0};
    %vpi_call/w 3 20 "$dumpvars", 32'sb00000000000000000000000000000000, S_000001fe40702b50 {0 0 0};
    %pushi/vec4 0, 0, 1;
    %store/vec4 v000001fe40734420_0, 0, 1;
    %delay 5000, 0;
    %pushi/vec4 1, 0, 40;
    %store/vec4 v000001fe407342e0_0, 0, 40;
    %pushi/vec4 2, 0, 40;
    %store/vec4 v000001fe40734380_0, 0, 40;
    %delay 10000, 0;
    %pushi/vec4 3, 0, 40;
    %store/vec4 v000001fe407342e0_0, 0, 40;
    %pushi/vec4 4, 0, 40;
    %store/vec4 v000001fe40734380_0, 0, 40;
    %delay 10000, 0;
    %pushi/vec4 5, 0, 40;
    %store/vec4 v000001fe407342e0_0, 0, 40;
    %pushi/vec4 6, 0, 40;
    %store/vec4 v000001fe40734380_0, 0, 40;
    %delay 10000, 0;
    %pushi/vec4 7, 0, 40;
    %store/vec4 v000001fe407342e0_0, 0, 40;
    %pushi/vec4 8, 0, 40;
    %store/vec4 v000001fe40734380_0, 0, 40;
    %delay 10000, 0;
    %pushi/vec4 9, 0, 40;
    %store/vec4 v000001fe407342e0_0, 0, 40;
    %pushi/vec4 10, 0, 40;
    %store/vec4 v000001fe40734380_0, 0, 40;
    %delay 10000, 0;
    %pushi/vec4 11, 0, 40;
    %store/vec4 v000001fe407342e0_0, 0, 40;
    %pushi/vec4 12, 0, 40;
    %store/vec4 v000001fe40734380_0, 0, 40;
    %delay 60000, 0;
    %vpi_call/w 3 31 "$finish" {0 0 0};
    %end;
    .thread T_1;
    .scope S_000001fe40702b50;
T_2 ;
    %delay 5000, 0;
    %load/vec4 v000001fe40734420_0;
    %nor/r;
    %store/vec4 v000001fe40734420_0, 0, 1;
    %jmp T_2;
    .thread T_2;
# The file index is used to find the file name in the following table.
:file_names 5;
    "N/A";
    "<interactive>";
    "-";
    "sim/multiplier_tb.sv";
    "hdl/multiplier.sv";
